<?xml version="1.0" encoding="UTF-8"?>
<robot generator="Robot 7.4.1 (Python 3.13.5 on win32)" generated="2026-02-20T17:20:46.637019" rpa="false" schemaversion="5">
<suite id="s1" name="Excel" source="C:\Users\bhash\PycharmProjects\Feb2026WiproRobotFramework\DataDriven\Excel.robot">
<test id="s1-t1" name="Login with user" line="10">
<kw name="Open Browser" owner="SeleniumLibrary" type="SETUP">
<msg time="2026-02-20T17:20:48.152814" level="INFO">Opening browser 'firefox' to base url 'https://opensource-demo.orangehrmlive.com/web/index.php/auth/login'.</msg>
<arg>https://opensource-demo.orangehrmlive.com/web/index.php/auth/login</arg>
<arg>firefox</arg>
<doc>Opens a new browser instance to the optional ``url``.</doc>
<status status="PASS" start="2026-02-20T17:20:48.152518" elapsed="12.576427"/>
</kw>
<kw name="Login Test">
<kw name="Wait Until Element Is Visible" owner="SeleniumLibrary">
<arg>xpath://input[@name='username']</arg>
<doc>Waits until the element ``locator`` is visible.</doc>
<status status="PASS" start="2026-02-20T17:21:00.730104" elapsed="0.818985"/>
</kw>
<kw name="Input Text" owner="SeleniumLibrary">
<msg time="2026-02-20T17:21:01.549543" level="INFO">Typing text 'Admin' into text field 'xpath://input[@name='username']'.</msg>
<arg>xpath://input[@name='username']</arg>
<arg>${username}</arg>
<doc>Types the given ``text`` into the text field identified by ``locator``.</doc>
<status status="PASS" start="2026-02-20T17:21:01.549290" elapsed="0.054428"/>
</kw>
<kw name="Input Text" owner="SeleniumLibrary">
<msg time="2026-02-20T17:21:01.604472" level="INFO">Typing text 'admin123' into text field 'xpath://input[@name='password']'.</msg>
<arg>xpath://input[@name='password']</arg>
<arg>${password}</arg>
<doc>Types the given ``text`` into the text field identified by ``locator``.</doc>
<status status="PASS" start="2026-02-20T17:21:01.604028" elapsed="0.021873"/>
</kw>
<kw name="Click Element" owner="SeleniumLibrary">
<msg time="2026-02-20T17:21:01.626262" level="INFO">Clicking element 'xpath://button[@type='submit']'.</msg>
<arg>xpath://button[@type='submit']</arg>
<doc>Click the element identified by ``locator``.</doc>
<status status="PASS" start="2026-02-20T17:21:01.626075" elapsed="2.209699"/>
</kw>
<kw name="Wait Until Element Is Visible" owner="SeleniumLibrary">
<arg>xpath://h6[@class='oxd-text oxd-text--h6 oxd-topbar-header-breadcrumb-module']</arg>
<doc>Waits until the element ``locator`` is visible.</doc>
<status status="PASS" start="2026-02-20T17:21:03.836005" elapsed="0.826961"/>
</kw>
<kw name="Element Should Be Visible" owner="SeleniumLibrary">
<msg time="2026-02-20T17:21:04.671579" level="INFO">Element 'xpath://h6[@class='oxd-text oxd-text--h6 oxd-topbar-header-breadcrumb-module']' is displayed.</msg>
<arg>xpath://h6[@class='oxd-text oxd-text--h6 oxd-topbar-header-breadcrumb-module']</arg>
<doc>Verifies that the element identified by ``locator`` is visible.</doc>
<status status="PASS" start="2026-02-20T17:21:04.663119" elapsed="0.008547"/>
</kw>
<kw name="Close Browser" owner="SeleniumLibrary">
<doc>Closes the current browser.</doc>
<status status="PASS" start="2026-02-20T17:21:04.671815" elapsed="3.397414"/>
</kw>
<arg>username=Admin</arg>
<arg>password=admin123</arg>
<status status="PASS" start="2026-02-20T17:21:00.729651" elapsed="7.339781"/>
</kw>
<kw name="Close Browser" owner="SeleniumLibrary" type="TEARDOWN">
<doc>Closes the current browser.</doc>
<status status="PASS" start="2026-02-20T17:21:08.070062" elapsed="0.000231"/>
</kw>
<status status="PASS" start="2026-02-20T17:20:48.150738" elapsed="19.919823"/>
</test>
<test id="s1-t2" name="Login with user" line="10">
<kw name="Open Browser" owner="SeleniumLibrary" type="SETUP">
<msg time="2026-02-20T17:21:08.073506" level="INFO">Opening browser 'firefox' to base url 'https://opensource-demo.orangehrmlive.com/web/index.php/auth/login'.</msg>
<arg>https://opensource-demo.orangehrmlive.com/web/index.php/auth/login</arg>
<arg>firefox</arg>
<doc>Opens a new browser instance to the optional ``url``.</doc>
<status status="PASS" start="2026-02-20T17:21:08.073223" elapsed="10.588032"/>
</kw>
<kw name="Login Test">
<kw name="Wait Until Element Is Visible" owner="SeleniumLibrary">
<arg>xpath://input[@name='username']</arg>
<doc>Waits until the element ``locator`` is visible.</doc>
<status status="PASS" start="2026-02-20T17:21:18.662127" elapsed="0.646335"/>
</kw>
<kw name="Input Text" owner="SeleniumLibrary">
<msg time="2026-02-20T17:21:19.308991" level="INFO">Typing text 'Admin' into text field 'xpath://input[@name='username']'.</msg>
<arg>xpath://input[@name='username']</arg>
<arg>${username}</arg>
<doc>Types the given ``text`` into the text field identified by ``locator``.</doc>
<status status="PASS" start="2026-02-20T17:21:19.308647" elapsed="0.022341"/>
</kw>
<kw name="Input Text" owner="SeleniumLibrary">
<msg time="2026-02-20T17:21:19.331437" level="INFO">Typing text 'admin123' into text field 'xpath://input[@name='password']'.</msg>
<arg>xpath://input[@name='password']</arg>
<arg>${password}</arg>
<doc>Types the given ``text`` into the text field identified by ``locator``.</doc>
<status status="PASS" start="2026-02-20T17:21:19.331201" elapsed="0.015954"/>
</kw>
<kw name="Click Element" owner="SeleniumLibrary">
<msg time="2026-02-20T17:21:19.347553" level="INFO">Clicking element 'xpath://button[@type='submit']'.</msg>
<arg>xpath://button[@type='submit']</arg>
<doc>Click the element identified by ``locator``.</doc>
<status status="PASS" start="2026-02-20T17:21:19.347342" elapsed="2.180659"/>
</kw>
<kw name="Wait Until Element Is Visible" owner="SeleniumLibrary">
<arg>xpath://h6[@class='oxd-text oxd-text--h6 oxd-topbar-header-breadcrumb-module']</arg>
<doc>Waits until the element ``locator`` is visible.</doc>
<status status="PASS" start="2026-02-20T17:21:21.528159" elapsed="0.669256"/>
</kw>
<kw name="Element Should Be Visible" owner="SeleniumLibrary">
<msg time="2026-02-20T17:21:22.207481" level="INFO">Element 'xpath://h6[@class='oxd-text oxd-text--h6 oxd-topbar-header-breadcrumb-module']' is displayed.</msg>
<arg>xpath://h6[@class='oxd-text oxd-text--h6 oxd-topbar-header-breadcrumb-module']</arg>
<doc>Verifies that the element identified by ``locator`` is visible.</doc>
<status status="PASS" start="2026-02-20T17:21:22.197682" elapsed="0.009888"/>
</kw>
<kw name="Close Browser" owner="SeleniumLibrary">
<doc>Closes the current browser.</doc>
<status status="PASS" start="2026-02-20T17:21:22.208202" elapsed="3.456288"/>
</kw>
<arg>username=Admin</arg>
<arg>password=admin123</arg>
<status status="PASS" start="2026-02-20T17:21:18.661780" elapsed="7.002937"/>
</kw>
<kw name="Close Browser" owner="SeleniumLibrary" type="TEARDOWN">
<doc>Closes the current browser.</doc>
<status status="PASS" start="2026-02-20T17:21:25.665579" elapsed="0.000400"/>
</kw>
<status status="PASS" start="2026-02-20T17:21:08.071373" elapsed="17.594974"/>
</test>
<test id="s1-t3" name="Login with user" line="10">
<kw name="Open Browser" owner="SeleniumLibrary" type="SETUP">
<msg time="2026-02-20T17:21:25.671335" level="INFO">Opening browser 'firefox' to base url 'https://opensource-demo.orangehrmlive.com/web/index.php/auth/login'.</msg>
<arg>https://opensource-demo.orangehrmlive.com/web/index.php/auth/login</arg>
<arg>firefox</arg>
<doc>Opens a new browser instance to the optional ``url``.</doc>
<status status="PASS" start="2026-02-20T17:21:25.670889" elapsed="11.181698"/>
</kw>
<kw name="Login Test">
<kw name="Wait Until Element Is Visible" owner="SeleniumLibrary">
<arg>xpath://input[@name='username']</arg>
<doc>Waits until the element ``locator`` is visible.</doc>
<status status="PASS" start="2026-02-20T17:21:36.853261" elapsed="0.669362"/>
</kw>
<kw name="Input Text" owner="SeleniumLibrary">
<msg time="2026-02-20T17:21:37.523009" level="INFO">Typing text 'Admin' into text field 'xpath://input[@name='username']'.</msg>
<arg>xpath://input[@name='username']</arg>
<arg>${username}</arg>
<doc>Types the given ``text`` into the text field identified by ``locator``.</doc>
<status status="PASS" start="2026-02-20T17:21:37.522785" elapsed="0.027281"/>
</kw>
<kw name="Input Text" owner="SeleniumLibrary">
<msg time="2026-02-20T17:21:37.550699" level="INFO">Typing text 'admin123' into text field 'xpath://input[@name='password']'.</msg>
<arg>xpath://input[@name='password']</arg>
<arg>${password}</arg>
<doc>Types the given ``text`` into the text field identified by ``locator``.</doc>
<status status="PASS" start="2026-02-20T17:21:37.550455" elapsed="0.016669"/>
</kw>
<kw name="Click Element" owner="SeleniumLibrary">
<msg time="2026-02-20T17:21:37.567477" level="INFO">Clicking element 'xpath://button[@type='submit']'.</msg>
<arg>xpath://button[@type='submit']</arg>
<doc>Click the element identified by ``locator``.</doc>
<status status="PASS" start="2026-02-20T17:21:37.567293" elapsed="2.048107"/>
</kw>
<kw name="Wait Until Element Is Visible" owner="SeleniumLibrary">
<arg>xpath://h6[@class='oxd-text oxd-text--h6 oxd-topbar-header-breadcrumb-module']</arg>
<doc>Waits until the element ``locator`` is visible.</doc>
<status status="PASS" start="2026-02-20T17:21:39.615568" elapsed="0.663187"/>
</kw>
<kw name="Element Should Be Visible" owner="SeleniumLibrary">
<msg time="2026-02-20T17:21:40.288478" level="INFO">Element 'xpath://h6[@class='oxd-text oxd-text--h6 oxd-topbar-header-breadcrumb-module']' is displayed.</msg>
<arg>xpath://h6[@class='oxd-text oxd-text--h6 oxd-topbar-header-breadcrumb-module']</arg>
<doc>Verifies that the element identified by ``locator`` is visible.</doc>
<status status="PASS" start="2026-02-20T17:21:40.279010" elapsed="0.009567"/>
</kw>
<kw name="Close Browser" owner="SeleniumLibrary">
<doc>Closes the current browser.</doc>
<status status="PASS" start="2026-02-20T17:21:40.288719" elapsed="3.323592"/>
</kw>
<arg>username=Admin</arg>
<arg>password=admin123</arg>
<status status="PASS" start="2026-02-20T17:21:36.852962" elapsed="6.759563"/>
</kw>
<kw name="Close Browser" owner="SeleniumLibrary" type="TEARDOWN">
<doc>Closes the current browser.</doc>
<status status="PASS" start="2026-02-20T17:21:43.613251" elapsed="0.000260"/>
</kw>
<status status="PASS" start="2026-02-20T17:21:25.667650" elapsed="17.946144"/>
</test>
<status status="PASS" start="2026-02-20T17:20:46.638546" elapsed="56.976689"/>
</suite>
<statistics>
<total>
<stat pass="3" fail="0" skip="0">All Tests</stat>
</total>
<tag>
</tag>
<suite>
<stat name="Excel" id="s1" pass="3" fail="0" skip="0">Excel</stat>
</suite>
</statistics>
<errors>
<msg time="2026-02-20T17:21:08.071547" level="WARN">Multiple tests with name 'Login with user' executed in suite 'Excel'.</msg>
<msg time="2026-02-20T17:21:25.667736" level="WARN">Multiple tests with name 'Login with user' executed in suite 'Excel'.</msg>
</errors>
</robot>
