<?xml version="1.0" encoding="UTF-8"?>
<robot generator="Robot 7.4.1 (Python 3.13.7 on win32)" generated="2026-02-20T15:22:14.212054" rpa="false" schemaversion="5">
<suite id="s1" name="Frames2" source="C:\Users\ANGEL PATI\WiproRobotFramewrok\Selenium\Frames2.robot">
<test id="s1-t1" name="Verify iframe" line="9">
<kw name="Open Browser" owner="SeleniumLibrary">
<msg time="2026-02-20T15:22:14.774222" level="INFO">Opening browser 'firefox' to base url 'https://www.tutorialspoint.com/selenium/practice/frames.php'.</msg>
<arg>${url}</arg>
<arg>firefox</arg>
<doc>Opens a new browser instance to the optional ``url``.</doc>
<status status="PASS" start="2026-02-20T15:22:14.773868" elapsed="8.713165"/>
</kw>
<kw name="Maximize Browser Window" owner="SeleniumLibrary">
<doc>Maximizes current browser window.</doc>
<status status="PASS" start="2026-02-20T15:22:23.487900" elapsed="0.011986"/>
</kw>
<kw name="Set Selenium Implicit Wait" owner="SeleniumLibrary">
<arg>3s</arg>
<doc>Sets the implicit wait value used by Selenium.</doc>
<status status="PASS" start="2026-02-20T15:22:23.503802" elapsed="0.003441"/>
</kw>
<kw name="Select Frame" owner="SeleniumLibrary">
<msg time="2026-02-20T15:22:23.513250" level="INFO">Selecting frame 'xpath://body//main//iframe[1]'.</msg>
<arg>xpath://body//main//iframe[1]</arg>
<doc>Sets frame identified by ``locator`` as the current frame.</doc>
<status status="PASS" start="2026-02-20T15:22:23.512444" elapsed="0.042821"/>
</kw>
<kw name="Sleep" owner="BuiltIn">
<msg time="2026-02-20T15:22:25.556907" level="INFO">Slept 2 seconds.</msg>
<arg>2s</arg>
<doc>Pauses the test executed for the given time.</doc>
<status status="PASS" start="2026-02-20T15:22:23.555846" elapsed="2.001464"/>
</kw>
<kw name="Get Text" owner="SeleniumLibrary">
<msg time="2026-02-20T15:22:25.595226" level="INFO">${text1} = Selenium - Automation Practice Form
Selenium Tutorial
New Tab
Sample New Tab</msg>
<var>${text1}</var>
<arg>xpath://body</arg>
<doc>Returns the text value of the element identified by ``locator``.</doc>
<status status="PASS" start="2026-02-20T15:22:25.557906" elapsed="0.037395"/>
</kw>
<kw name="Sleep" owner="BuiltIn">
<msg time="2026-02-20T15:22:27.596869" level="INFO">Slept 2 seconds.</msg>
<arg>2s</arg>
<doc>Pauses the test executed for the given time.</doc>
<status status="PASS" start="2026-02-20T15:22:25.595790" elapsed="2.001340"/>
</kw>
<kw name="Log To Console" owner="BuiltIn">
<arg>Frame 1 Text:</arg>
<doc>Logs the given message to the console.</doc>
<status status="PASS" start="2026-02-20T15:22:27.597759" elapsed="0.000672"/>
</kw>
<kw name="Log To Console" owner="BuiltIn">
<arg>${text1}</arg>
<doc>Logs the given message to the console.</doc>
<status status="PASS" start="2026-02-20T15:22:27.598746" elapsed="0.000461"/>
</kw>
<kw name="Unselect Frame" owner="SeleniumLibrary">
<doc>Sets the main frame as the current frame.</doc>
<status status="PASS" start="2026-02-20T15:22:27.599645" elapsed="0.003029"/>
</kw>
<kw name="Select Frame" owner="SeleniumLibrary">
<msg time="2026-02-20T15:22:27.603218" level="INFO">Selecting frame 'xpath://body//main//iframe[2]'.</msg>
<arg>xpath://body//main//iframe[2]</arg>
<doc>Sets frame identified by ``locator`` as the current frame.</doc>
<status status="PASS" start="2026-02-20T15:22:27.602999" elapsed="0.005870"/>
</kw>
<kw name="Sleep" owner="BuiltIn">
<msg time="2026-02-20T15:22:29.610574" level="INFO">Slept 2 seconds.</msg>
<arg>2s</arg>
<doc>Pauses the test executed for the given time.</doc>
<status status="PASS" start="2026-02-20T15:22:27.609475" elapsed="2.001275"/>
</kw>
<kw name="Get Text" owner="SeleniumLibrary">
<msg time="2026-02-20T15:22:29.638665" level="INFO">${text2} = Selenium - Automation Practice Form
Selenium Tutorial
New Tab
Sample New Tab</msg>
<var>${text2}</var>
<arg>xpath://body</arg>
<doc>Returns the text value of the element identified by ``locator``.</doc>
<status status="PASS" start="2026-02-20T15:22:29.611203" elapsed="0.027561"/>
</kw>
<kw name="Sleep" owner="BuiltIn">
<msg time="2026-02-20T15:22:31.640084" level="INFO">Slept 2 seconds.</msg>
<arg>2s</arg>
<doc>Pauses the test executed for the given time.</doc>
<status status="PASS" start="2026-02-20T15:22:29.639255" elapsed="2.001062"/>
</kw>
<kw name="Log To Console" owner="BuiltIn">
<arg>Frame 2 Text:</arg>
<doc>Logs the given message to the console.</doc>
<status status="PASS" start="2026-02-20T15:22:31.640754" elapsed="0.000587"/>
</kw>
<kw name="Log To Console" owner="BuiltIn">
<arg>${text2}</arg>
<doc>Logs the given message to the console.</doc>
<status status="PASS" start="2026-02-20T15:22:31.641589" elapsed="0.000482"/>
</kw>
<kw name="Unselect Frame" owner="SeleniumLibrary">
<doc>Sets the main frame as the current frame.</doc>
<status status="PASS" start="2026-02-20T15:22:31.642297" elapsed="0.004616"/>
</kw>
<kw name="Close Browser" owner="SeleniumLibrary">
<doc>Closes the current browser.</doc>
<status status="PASS" start="2026-02-20T15:22:31.647565" elapsed="4.130424"/>
</kw>
<status status="PASS" start="2026-02-20T15:22:14.772057" elapsed="21.006359"/>
</test>
<status status="PASS" start="2026-02-20T15:22:14.215640" elapsed="21.563611"/>
</suite>
<statistics>
<total>
<stat pass="1" fail="0" skip="0">All Tests</stat>
</total>
<tag>
</tag>
<suite>
<stat name="Frames2" id="s1" pass="1" fail="0" skip="0">Frames2</stat>
</suite>
</statistics>
<errors>
</errors>
</robot>
